[0.917s] Invoking command in '/home/shelton/ros2AndroidApp/translateNode/src/translateNode': PYTHONPATH=/home/shelton/ros2AndroidApp/translateNode/build/translateNode/prefix_override:/home/shelton/ros2AndroidApp/translateNode/install/translateNode/lib/python3.10/site-packages:${PYTHONPATH} /usr/bin/python3 setup.py egg_info --egg-base ../../build/translateNode build --build-base /home/shelton/ros2AndroidApp/translateNode/build/translateNode/build install --record /home/shelton/ros2AndroidApp/translateNode/build/translateNode/install.log --single-version-externally-managed
[1.229s] running egg_info
[1.230s] writing ../../build/translateNode/translateNode.egg-info/PKG-INFO
[1.231s] writing dependency_links to ../../build/translateNode/translateNode.egg-info/dependency_links.txt
[1.231s] writing entry points to ../../build/translateNode/translateNode.egg-info/entry_points.txt
[1.232s] writing requirements to ../../build/translateNode/translateNode.egg-info/requires.txt
[1.232s] writing top-level names to ../../build/translateNode/translateNode.egg-info/top_level.txt
[1.234s] reading manifest file '../../build/translateNode/translateNode.egg-info/SOURCES.txt'
[1.235s] writing manifest file '../../build/translateNode/translateNode.egg-info/SOURCES.txt'
[1.235s] running build
[1.236s] running build_py
[1.236s] copying translateNode/translater_node.py -> /home/shelton/ros2AndroidApp/translateNode/build/translateNode/build/lib/translateNode
[1.237s] running install
[1.237s] /usr/lib/python3/dist-packages/setuptools/command/install.py:34: SetuptoolsDeprecationWarning: setup.py install is deprecated. Use build and pip and other standards-based tools.
[1.237s]   warnings.warn(
[1.237s] running install_lib
[1.238s] copying /home/shelton/ros2AndroidApp/translateNode/build/translateNode/build/lib/translateNode/translater_node.py -> /home/shelton/ros2AndroidApp/translateNode/install/translateNode/lib/python3.10/site-packages/translateNode
[1.239s] byte-compiling /home/shelton/ros2AndroidApp/translateNode/install/translateNode/lib/python3.10/site-packages/translateNode/translater_node.py to translater_node.cpython-310.pyc
[1.240s] running install_data
[1.240s] running install_egg_info
[1.242s] removing '/home/shelton/ros2AndroidApp/translateNode/install/translateNode/lib/python3.10/site-packages/translateNode-0.0.0-py3.10.egg-info' (and everything under it)
[1.243s] Copying ../../build/translateNode/translateNode.egg-info to /home/shelton/ros2AndroidApp/translateNode/install/translateNode/lib/python3.10/site-packages/translateNode-0.0.0-py3.10.egg-info
[1.244s] running install_scripts
[1.277s] Installing tester script to /home/shelton/ros2AndroidApp/translateNode/install/translateNode/lib/translateNode
[1.278s] Installing translater script to /home/shelton/ros2AndroidApp/translateNode/install/translateNode/lib/translateNode
[1.278s] writing list of installed files to '/home/shelton/ros2AndroidApp/translateNode/build/translateNode/install.log'
[1.310s] Invoked command in '/home/shelton/ros2AndroidApp/translateNode/src/translateNode' returned '0': PYTHONPATH=/home/shelton/ros2AndroidApp/translateNode/build/translateNode/prefix_override:/home/shelton/ros2AndroidApp/translateNode/install/translateNode/lib/python3.10/site-packages:${PYTHONPATH} /usr/bin/python3 setup.py egg_info --egg-base ../../build/translateNode build --build-base /home/shelton/ros2AndroidApp/translateNode/build/translateNode/build install --record /home/shelton/ros2AndroidApp/translateNode/build/translateNode/install.log --single-version-externally-managed
