running egg_info
creating ../../build/translateNode/translateNode.egg-info
writing ../../build/translateNode/translateNode.egg-info/PKG-INFO
writing dependency_links to ../../build/translateNode/translateNode.egg-info/dependency_links.txt
writing entry points to ../../build/translateNode/translateNode.egg-info/entry_points.txt
writing requirements to ../../build/translateNode/translateNode.egg-info/requires.txt
writing top-level names to ../../build/translateNode/translateNode.egg-info/top_level.txt
writing manifest file '../../build/translateNode/translateNode.egg-info/SOURCES.txt'
reading manifest file '../../build/translateNode/translateNode.egg-info/SOURCES.txt'
writing manifest file '../../build/translateNode/translateNode.egg-info/SOURCES.txt'
running build
running build_py
creating /home/shelton/ros2AndroidApp/translateNode/build/translateNode/build
creating /home/shelton/ros2AndroidApp/translateNode/build/translateNode/build/lib
creating /home/shelton/ros2AndroidApp/translateNode/build/translateNode/build/lib/translateNode
copying translateNode/__init__.py -> /home/shelton/ros2AndroidApp/translateNode/build/translateNode/build/lib/translateNode
copying translateNode/tester_node.py -> /home/shelton/ros2AndroidApp/translateNode/build/translateNode/build/lib/translateNode
copying translateNode/translater_node.py -> /home/shelton/ros2AndroidApp/translateNode/build/translateNode/build/lib/translateNode
running install
running install_lib
creating /home/shelton/ros2AndroidApp/translateNode/install/translateNode/lib/python3.10/site-packages/translateNode
copying /home/shelton/ros2AndroidApp/translateNode/build/translateNode/build/lib/translateNode/__init__.py -> /home/shelton/ros2AndroidApp/translateNode/install/translateNode/lib/python3.10/site-packages/translateNode
copying /home/shelton/ros2AndroidApp/translateNode/build/translateNode/build/lib/translateNode/tester_node.py -> /home/shelton/ros2AndroidApp/translateNode/install/translateNode/lib/python3.10/site-packages/translateNode
copying /home/shelton/ros2AndroidApp/translateNode/build/translateNode/build/lib/translateNode/translater_node.py -> /home/shelton/ros2AndroidApp/translateNode/install/translateNode/lib/python3.10/site-packages/translateNode
byte-compiling /home/shelton/ros2AndroidApp/translateNode/install/translateNode/lib/python3.10/site-packages/translateNode/__init__.py to __init__.cpython-310.pyc
byte-compiling /home/shelton/ros2AndroidApp/translateNode/install/translateNode/lib/python3.10/site-packages/translateNode/tester_node.py to tester_node.cpython-310.pyc
byte-compiling /home/shelton/ros2AndroidApp/translateNode/install/translateNode/lib/python3.10/site-packages/translateNode/translater_node.py to translater_node.cpython-310.pyc
running install_data
creating /home/shelton/ros2AndroidApp/translateNode/install/translateNode/share/ament_index
creating /home/shelton/ros2AndroidApp/translateNode/install/translateNode/share/ament_index/resource_index
creating /home/shelton/ros2AndroidApp/translateNode/install/translateNode/share/ament_index/resource_index/packages
copying resource/translateNode -> /home/shelton/ros2AndroidApp/translateNode/install/translateNode/share/ament_index/resource_index/packages
copying package.xml -> /home/shelton/ros2AndroidApp/translateNode/install/translateNode/share/translateNode
running install_egg_info
Copying ../../build/translateNode/translateNode.egg-info to /home/shelton/ros2AndroidApp/translateNode/install/translateNode/lib/python3.10/site-packages/translateNode-0.0.0-py3.10.egg-info
running install_scripts
Installing tester script to /home/shelton/ros2AndroidApp/translateNode/install/translateNode/lib/translateNode
Installing translater script to /home/shelton/ros2AndroidApp/translateNode/install/translateNode/lib/translateNode
writing list of installed files to '/home/shelton/ros2AndroidApp/translateNode/build/translateNode/install.log'
